<?xml version="1.0" encoding="UTF-8"?>
<!-- Generated by org.testng.reporters.JUnitXMLReporter -->
<testsuite hostname="Anusha" ignored="0" name="ecommerceTest" tests="2" failures="1" timestamp="11 Jun 2022 03:30:17 GMT" time="29.273" errors="0">
  <testcase name="login" time="7.152" classname="com.ecommerce.TestCases.TC_Login_001"/>
  <testcase name="AddCustomer" time="5.358" classname="com.ecommerce.TestCases.TC_Add_customer">
    <failure type="junit.framework.AssertionFailedError">
      <![CDATA[junit.framework.AssertionFailedError
at junit.framework.Assert.fail(Assert.java:55)
at junit.framework.Assert.assertTrue(Assert.java:22)
at junit.framework.Assert.assertTrue(Assert.java:31)
at com.ecommerce.TestCases.TC_Add_customer.AddCustomer(TC_Add_customer.java:30)
... Removed 25 stack frames]]>
    </failure>
  </testcase> <!-- AddCustomer -->
</testsuite> <!-- ecommerceTest -->
